2020-10-11 16:43:02,331 INFO [main][SpringApplication.java:675] - No active profile set, falling back to default profiles: default
2020-10-11 16:43:03,068 WARN [main][EndpointId.java:135] - Endpoint ID 'service-registry' contains invalid characters, please migrate to a valid format.
2020-10-11 16:43:03,270 INFO [main][GenericScope.java:294] - BeanFactory id=33c68227-122c-36dd-8028-a36de4f592a4
2020-10-11 16:43:03,354 INFO [main][PostProcessorRegistrationDelegate.java:330] - Bean 'org.springframework.cloud.autoconfigure.ConfigurationPropertiesRebinderAutoConfiguration' of type [org.springframework.cloud.autoconfigure.ConfigurationPropertiesRebinderAutoConfiguration$$EnhancerBySpringCGLIB$$c923b830] is not eligible for getting processed by all BeanPostProcessors (for example: not eligible for auto-proxying)
2020-10-11 16:43:03,716 INFO [main][TomcatWebServer.java:90] - Tomcat initialized with port(s): 56080 (http)
2020-10-11 16:43:03,727 INFO [main][DirectJDKLog.java:173] - Initializing ProtocolHandler ["http-nio-56080"]
2020-10-11 16:43:03,735 INFO [main][DirectJDKLog.java:173] - Starting service [Tomcat]
2020-10-11 16:43:03,736 INFO [main][DirectJDKLog.java:173] - Starting Servlet engine: [Apache Tomcat/9.0.16]
2020-10-11 16:43:03,742 INFO [main][DirectJDKLog.java:173] - The APR based Apache Tomcat Native library which allows optimal performance in production environments was not found on the java.library.path: [C:\Program Files\Java\jdk1.8.0_152\bin;C:\Windows\Sun\Java\bin;C:\Windows\system32;C:\Windows;D:\浏览器下载文件\安装路径\;"C:\Program Files\Java\jdk1.8.0_152\bin;C:\Program Files\Java\jdk1.8.0_152\jre\bin";C:\ProgramData\Oracle\Java\javapath;C:\Windows\system32;C:\Windows;C:\Windows\System32\Wbem;C:\Windows\System32\WindowsPowerShell\v1.0\;C:\Windows\System32\OpenSSH\;C:\Program Files (x86)\NVIDIA Corporation\PhysX\Common;C:\Program Files\NVIDIA Corporation\NVIDIA NvDLISR;C:\Program Files\Java\MySQL\MySQL Server 5.5\bin;D:\maven\apache-maven-3.5.2\bin;C:\Program Files\nodejs\;C:\Program Files (x86)\Git\cmd;D:\浏览器下载文件\安装路径\bin;C:\Users\YZQ\AppData\Local\Microsoft\WindowsApps;C:\Users\YZQ\AppData\Roaming\npm;.]
2020-10-11 16:43:03,835 INFO [main][DirectJDKLog.java:173] - Initializing Spring embedded WebApplicationContext
2020-10-11 16:43:03,836 INFO [main][ServletWebServerApplicationContext.java:296] - Root WebApplicationContext: initialization completed in 1488 ms
2020-10-11 16:43:03,905 WARN [main][URLConfigurationSource.java:121] - No URLs will be polled as dynamic configuration sources.
2020-10-11 16:43:03,906 INFO [main][URLConfigurationSource.java:122] - To enable URLs as dynamic configuration sources, define System property archaius.configurationSource.additionalUrls or make config.properties available on classpath.
2020-10-11 16:43:03,914 INFO [main][DynamicPropertyFactory.java:281] - DynamicPropertyFactory is initialized with configuration sources: com.netflix.config.ConcurrentCompositeConfiguration@77f68df
2020-10-11 16:43:04,505 INFO [main][WebApplicationImpl.java:815] - Initiating Jersey application, version 'Jersey: 1.19.1 03/11/2016 02:08 PM'
2020-10-11 16:43:04,566 INFO [main][DiscoveryJerseyProvider.java:70] - Using JSON encoding codec LegacyJacksonJson
2020-10-11 16:43:04,566 INFO [main][DiscoveryJerseyProvider.java:71] - Using JSON decoding codec LegacyJacksonJson
2020-10-11 16:43:04,649 INFO [main][DiscoveryJerseyProvider.java:80] - Using XML encoding codec XStreamXml
2020-10-11 16:43:04,649 INFO [main][DiscoveryJerseyProvider.java:81] - Using XML decoding codec XStreamXml
2020-10-11 16:43:04,869 WARN [main][URLConfigurationSource.java:121] - No URLs will be polled as dynamic configuration sources.
2020-10-11 16:43:04,870 INFO [main][URLConfigurationSource.java:122] - To enable URLs as dynamic configuration sources, define System property archaius.configurationSource.additionalUrls or make config.properties available on classpath.
2020-10-11 16:43:04,984 INFO [main][ExecutorConfigurationSupport.java:171] - Initializing ExecutorService 'applicationTaskExecutor'
2020-10-11 16:43:05,433 INFO [main][InstanceInfoFactory.java:71] - Setting initial instance status as: STARTING
2020-10-11 16:43:05,456 INFO [main][DiscoveryClient.java:349] - Initializing Eureka in region us-east-1
2020-10-11 16:43:05,456 INFO [main][DiscoveryClient.java:352] - Client configured to neither register nor query for data.
2020-10-11 16:43:05,462 INFO [main][DiscoveryClient.java:365] - Discovery Client initialized at timestamp 1602405785461 with initial instances count: 0
2020-10-11 16:43:05,489 INFO [main][DefaultEurekaServerContext.java:63] - Initializing ...
2020-10-11 16:43:05,490 INFO [main][PeerEurekaNodes.java:188] - Adding new peer nodes [http://localhost:56080/eureka/]
2020-10-11 16:43:05,715 INFO [main][DiscoveryJerseyProvider.java:70] - Using JSON encoding codec LegacyJacksonJson
2020-10-11 16:43:05,715 INFO [main][DiscoveryJerseyProvider.java:71] - Using JSON decoding codec LegacyJacksonJson
2020-10-11 16:43:05,715 INFO [main][DiscoveryJerseyProvider.java:80] - Using XML encoding codec XStreamXml
2020-10-11 16:43:05,715 INFO [main][DiscoveryJerseyProvider.java:81] - Using XML decoding codec XStreamXml
2020-10-11 16:43:05,794 INFO [main][PeerEurekaNodes.java:110] - Replica node URL:  http://localhost:56080/eureka/
2020-10-11 16:43:05,801 INFO [main][AbstractInstanceRegistry.java:151] - Finished initializing remote region registries. All known remote regions: []
2020-10-11 16:43:05,802 INFO [main][DefaultEurekaServerContext.java:70] - Initialized
2020-10-11 16:43:05,809 INFO [main][EndpointLinksResolver.java:59] - Exposing 2 endpoint(s) beneath base path '/actuator'
2020-10-11 16:43:05,882 INFO [main][EurekaServiceRegistry.java:42] - Registering application SEATA-DEMO-DISCOVERY with eureka with status UP
2020-10-11 16:43:05,884 INFO [Thread-22][EurekaServerBootstrap.java:109] - Setting the eureka configuration..
2020-10-11 16:43:05,884 INFO [Thread-22][EurekaServerBootstrap.java:114] - Eureka data center value eureka.datacenter is not set, defaulting to default
2020-10-11 16:43:05,885 INFO [Thread-22][EurekaServerBootstrap.java:128] - Eureka environment value eureka.environment is not set, defaulting to test
2020-10-11 16:43:05,893 INFO [Thread-22][EurekaServerBootstrap.java:184] - isAws returned false
2020-10-11 16:43:05,893 INFO [Thread-22][EurekaServerBootstrap.java:152] - Initialized server context
2020-10-11 16:43:05,893 INFO [Thread-22][PeerAwareInstanceRegistryImpl.java:241] - Got 1 instances from neighboring DS node
2020-10-11 16:43:05,893 INFO [Thread-22][PeerAwareInstanceRegistryImpl.java:242] - Renew threshold is: 1
2020-10-11 16:43:05,894 INFO [Thread-22][PeerAwareInstanceRegistryImpl.java:253] - Changing status to UP
2020-10-11 16:43:05,895 INFO [main][DirectJDKLog.java:173] - Starting ProtocolHandler ["http-nio-56080"]
2020-10-11 16:43:05,900 INFO [Thread-22][EurekaServerInitializerConfiguration.java:72] - Started Eureka Server
2020-10-11 16:43:05,913 INFO [main][TomcatWebServer.java:204] - Tomcat started on port(s): 56080 (http) with context path ''
2020-10-11 16:43:05,913 INFO [main][EurekaAutoServiceRegistration.java:141] - Updating port to 56080
2020-10-11 16:43:05,915 INFO [main][StartupInfoLogger.java:59] - Started DiscoveryServer in 4.749 seconds (JVM running for 5.494)
2020-10-11 16:43:06,481 INFO [RMI TCP Connection(4)-192.168.1.106][DirectJDKLog.java:173] - Initializing Spring DispatcherServlet 'dispatcherServlet'
2020-10-11 16:43:06,481 INFO [RMI TCP Connection(4)-192.168.1.106][FrameworkServlet.java:524] - Initializing Servlet 'dispatcherServlet'
2020-10-11 16:43:06,488 INFO [RMI TCP Connection(4)-192.168.1.106][FrameworkServlet.java:546] - Completed initialization in 7 ms
